<?xml version="1.0" encoding="UTF-8"?>
<testng-results skipped="0" failed="0" ignored="0" total="2" passed="2">
  <reporter-output>
  </reporter-output>
  <suite name="Suite" duration-ms="25811" started-at="2017-12-05T14:06:30Z" finished-at="2017-12-05T14:06:56Z">
    <groups>
    </groups>
    <test name="Test" duration-ms="25811" started-at="2017-12-05T14:06:30Z" finished-at="2017-12-05T14:06:56Z">
      <class name="com.Amazon.test.ClassTest4">
        <test-method status="PASS" signature="Amazon1()[pri:0, instance:com.Amazon.test.ClassTest4@4e04a765]" name="Amazon1" duration-ms="25766" started-at="2017-12-05T19:36:30Z" finished-at="2017-12-05T19:36:56Z">
          <reporter-output>
          </reporter-output>
        </test-method> <!-- Amazon1 -->
      </class> <!-- com.Amazon.test.ClassTest4 -->
    </test> <!-- Test -->
  </suite> <!-- Suite -->
  <suite name="Suite (0)" duration-ms="9698" started-at="2017-12-05T14:06:56Z" finished-at="2017-12-05T14:07:06Z">
    <groups>
    </groups>
    <test name="Test" duration-ms="9698" started-at="2017-12-05T14:06:56Z" finished-at="2017-12-05T14:07:06Z">
      <class name="com.Amazon.test.ClassTest3">
        <test-method status="PASS" signature="Amazon()[pri:0, instance:com.Amazon.test.ClassTest3@15975490]" name="Amazon" duration-ms="9698" started-at="2017-12-05T19:36:56Z" finished-at="2017-12-05T19:37:06Z">
          <reporter-output>
          </reporter-output>
        </test-method> <!-- Amazon -->
      </class> <!-- com.Amazon.test.ClassTest3 -->
    </test> <!-- Test -->
  </suite> <!-- Suite (0) -->
  <suite name="ABCD" duration-ms="0" started-at="2017-12-05T14:07:06Z" finished-at="2017-12-05T14:07:06Z">
    <groups>
    </groups>
  </suite> <!-- ABCD -->
</testng-results>
