<?xml version="1.0" encoding="UTF-8"?>
<testng-results skipped="0" failed="0" ignored="0" total="2" passed="2">
  <reporter-output>
  </reporter-output>
  <suite name="Suite" duration-ms="14065" started-at="2017-12-05T13:59:34Z" finished-at="2017-12-05T13:59:48Z">
    <groups>
    </groups>
    <test name="Test" duration-ms="14065" started-at="2017-12-05T13:59:34Z" finished-at="2017-12-05T13:59:48Z">
      <class name="com.Amazon.test.ClassTest4">
        <test-method status="PASS" signature="Amazon1()[pri:0, instance:com.Amazon.test.ClassTest4@3bfdc050]" name="Amazon1" duration-ms="13887" started-at="2017-12-05T19:29:34Z" finished-at="2017-12-05T19:29:48Z">
          <reporter-output>
          </reporter-output>
        </test-method> <!-- Amazon1 -->
      </class> <!-- com.Amazon.test.ClassTest4 -->
    </test> <!-- Test -->
  </suite> <!-- Suite -->
  <suite name="Suite (0)" duration-ms="20658" started-at="2017-12-05T13:59:49Z" finished-at="2017-12-05T14:00:10Z">
    <groups>
    </groups>
    <test name="Test" duration-ms="20658" started-at="2017-12-05T13:59:49Z" finished-at="2017-12-05T14:00:10Z">
      <class name="com.Amazon.test.ClassTest3">
        <test-method status="PASS" signature="Amazon()[pri:0, instance:com.Amazon.test.ClassTest3@464bee09]" name="Amazon" duration-ms="20652" started-at="2017-12-05T19:29:49Z" finished-at="2017-12-05T19:30:09Z">
          <reporter-output>
          </reporter-output>
        </test-method> <!-- Amazon -->
      </class> <!-- com.Amazon.test.ClassTest3 -->
    </test> <!-- Test -->
  </suite> <!-- Suite (0) -->
  <suite name="ABCD" duration-ms="0" started-at="2017-12-05T14:00:10Z" finished-at="2017-12-05T14:00:10Z">
    <groups>
    </groups>
  </suite> <!-- ABCD -->
</testng-results>
