<?xml version="1.0" encoding="UTF-8"?>
<testng-results skipped="0" failed="0" ignored="0" total="1" passed="1">
  <reporter-output>
  </reporter-output>
  <suite name="Default suite" duration-ms="42281" started-at="2018-01-08T17:28:48Z" finished-at="2018-01-08T17:29:30Z">
    <groups>
    </groups>
    <test name="Default test" duration-ms="42281" started-at="2018-01-08T17:28:48Z" finished-at="2018-01-08T17:29:30Z">
      <class name="com.Amazon.test.ClassTest5">
        <test-method status="PASS" signature="Radiobutton()[pri:0, instance:com.Amazon.test.ClassTest5@66a3ffec]" name="Radiobutton" duration-ms="42220" started-at="2018-01-08T22:58:48Z" finished-at="2018-01-08T22:59:30Z">
          <reporter-output>
          </reporter-output>
        </test-method> <!-- Radiobutton -->
      </class> <!-- com.Amazon.test.ClassTest5 -->
    </test> <!-- Default test -->
  </suite> <!-- Default suite -->
</testng-results>
